The system is: Linux - 4.4.38-11.pvops.qubes.x86_64 - x86_64
Compiling the C compiler identification source file "CMakeCCompilerId.c" succeeded.
Compiler: /usr/bin/clang 
Build flags: 
Id flags: 

The output was:
0


Compilation of the C compiler identification source "CMakeCCompilerId.c" produced "a.out"

The C compiler identification is Clang, found in "/home/user/Seafile/Seafile/nanovm/source/current-work/asmjit/build/CMakeFiles/3.6.2/CompilerIdC/a.out"

Compiling the CXX compiler identification source file "CMakeCXXCompilerId.cpp" succeeded.
Compiler: /usr/bin/clang++ 
Build flags: 
Id flags: 

The output was:
0


Compilation of the CXX compiler identification source "CMakeCXXCompilerId.cpp" produced "a.out"

The CXX compiler identification is Clang, found in "/home/user/Seafile/Seafile/nanovm/source/current-work/asmjit/build/CMakeFiles/3.6.2/CompilerIdCXX/a.out"

Determining if the C compiler works passed with the following output:
Change Dir: /home/user/Seafile/Seafile/nanovm/source/current-work/asmjit/build/CMakeFiles/CMakeTmp

Run Build Command:"/usr/bin/gmake" "cmTC_bb82a/fast"
/usr/bin/gmake -f CMakeFiles/cmTC_bb82a.dir/build.make CMakeFiles/cmTC_bb82a.dir/build
gmake[1]: Entering directory '/home/user/Seafile/Seafile/nanovm/source/current-work/asmjit/build/CMakeFiles/CMakeTmp'
Building C object CMakeFiles/cmTC_bb82a.dir/testCCompiler.c.o
/usr/bin/clang     -o CMakeFiles/cmTC_bb82a.dir/testCCompiler.c.o   -c /home/user/Seafile/Seafile/nanovm/source/current-work/asmjit/build/CMakeFiles/CMakeTmp/testCCompiler.c
Linking C executable cmTC_bb82a
/usr/bin/cmake -E cmake_link_script CMakeFiles/cmTC_bb82a.dir/link.txt --verbose=1
/usr/bin/clang       CMakeFiles/cmTC_bb82a.dir/testCCompiler.c.o  -o cmTC_bb82a -rdynamic 
gmake[1]: Leaving directory '/home/user/Seafile/Seafile/nanovm/source/current-work/asmjit/build/CMakeFiles/CMakeTmp'


Detecting C compiler ABI info compiled with the following output:
Change Dir: /home/user/Seafile/Seafile/nanovm/source/current-work/asmjit/build/CMakeFiles/CMakeTmp

Run Build Command:"/usr/bin/gmake" "cmTC_80ed6/fast"
/usr/bin/gmake -f CMakeFiles/cmTC_80ed6.dir/build.make CMakeFiles/cmTC_80ed6.dir/build
gmake[1]: Entering directory '/home/user/Seafile/Seafile/nanovm/source/current-work/asmjit/build/CMakeFiles/CMakeTmp'
Building C object CMakeFiles/cmTC_80ed6.dir/CMakeCCompilerABI.c.o
/usr/bin/clang     -o CMakeFiles/cmTC_80ed6.dir/CMakeCCompilerABI.c.o   -c /usr/share/cmake/Modules/CMakeCCompilerABI.c
Linking C executable cmTC_80ed6
/usr/bin/cmake -E cmake_link_script CMakeFiles/cmTC_80ed6.dir/link.txt --verbose=1
/usr/bin/clang      -v CMakeFiles/cmTC_80ed6.dir/CMakeCCompilerABI.c.o  -o cmTC_80ed6 -rdynamic  
clang version 3.8.1 (tags/RELEASE_381/final)
Target: x86_64-unknown-linux-gnu
Thread model: posix
InstalledDir: /usr/bin
Found candidate GCC installation: /usr/bin/../lib/gcc/x86_64-redhat-linux/6.3.1
Found candidate GCC installation: /usr/lib/gcc/x86_64-redhat-linux/6.3.1
Selected GCC installation: /usr/bin/../lib/gcc/x86_64-redhat-linux/6.3.1
Candidate multilib: .;@m64
Candidate multilib: 32;@m32
Selected multilib: .;@m64
 "/usr/bin/ld" -export-dynamic --hash-style=gnu --no-add-needed --build-id --eh-frame-hdr -m elf_x86_64 -dynamic-linker /lib64/ld-linux-x86-64.so.2 -o cmTC_80ed6 /usr/bin/../lib/gcc/x86_64-redhat-linux/6.3.1/../../../../lib64/crt1.o /usr/bin/../lib/gcc/x86_64-redhat-linux/6.3.1/../../../../lib64/crti.o /usr/bin/../lib/gcc/x86_64-redhat-linux/6.3.1/crtbegin.o -L/usr/bin/../lib/gcc/x86_64-redhat-linux/6.3.1 -L/usr/bin/../lib/gcc/x86_64-redhat-linux/6.3.1/../../../../lib64 -L/usr/bin/../lib64 -L/lib/../lib64 -L/usr/lib/../lib64 -L/usr/bin/../lib/gcc/x86_64-redhat-linux/6.3.1/../../.. -L/usr/bin/../lib -L/lib -L/usr/lib CMakeFiles/cmTC_80ed6.dir/CMakeCCompilerABI.c.o -lgcc --as-needed -lgcc_s --no-as-needed -lc -lgcc --as-needed -lgcc_s --no-as-needed /usr/bin/../lib/gcc/x86_64-redhat-linux/6.3.1/crtend.o /usr/bin/../lib/gcc/x86_64-redhat-linux/6.3.1/../../../../lib64/crtn.o
gmake[1]: Leaving directory '/home/user/Seafile/Seafile/nanovm/source/current-work/asmjit/build/CMakeFiles/CMakeTmp'


Parsed C implicit link information from above output:
  link line regex: [^( *|.*[/\])(ld|([^/\]+-)?ld|collect2)[^/\]*( |$)]
  ignore line: [Change Dir: /home/user/Seafile/Seafile/nanovm/source/current-work/asmjit/build/CMakeFiles/CMakeTmp]
  ignore line: []
  ignore line: [Run Build Command:"/usr/bin/gmake" "cmTC_80ed6/fast"]
  ignore line: [/usr/bin/gmake -f CMakeFiles/cmTC_80ed6.dir/build.make CMakeFiles/cmTC_80ed6.dir/build]
  ignore line: [gmake[1]: Entering directory '/home/user/Seafile/Seafile/nanovm/source/current-work/asmjit/build/CMakeFiles/CMakeTmp']
  ignore line: [Building C object CMakeFiles/cmTC_80ed6.dir/CMakeCCompilerABI.c.o]
  ignore line: [/usr/bin/clang     -o CMakeFiles/cmTC_80ed6.dir/CMakeCCompilerABI.c.o   -c /usr/share/cmake/Modules/CMakeCCompilerABI.c]
  ignore line: [Linking C executable cmTC_80ed6]
  ignore line: [/usr/bin/cmake -E cmake_link_script CMakeFiles/cmTC_80ed6.dir/link.txt --verbose=1]
  ignore line: [/usr/bin/clang      -v CMakeFiles/cmTC_80ed6.dir/CMakeCCompilerABI.c.o  -o cmTC_80ed6 -rdynamic  ]
  ignore line: [clang version 3.8.1 (tags/RELEASE_381/final)]
  ignore line: [Target: x86_64-unknown-linux-gnu]
  ignore line: [Thread model: posix]
  ignore line: [InstalledDir: /usr/bin]
  ignore line: [Found candidate GCC installation: /usr/bin/../lib/gcc/x86_64-redhat-linux/6.3.1]
  ignore line: [Found candidate GCC installation: /usr/lib/gcc/x86_64-redhat-linux/6.3.1]
  ignore line: [Selected GCC installation: /usr/bin/../lib/gcc/x86_64-redhat-linux/6.3.1]
  ignore line: [Candidate multilib: .]
  ignore line: [@m64]
  ignore line: [Candidate multilib: 32]
  ignore line: [@m32]
  ignore line: [Selected multilib: .]
  ignore line: [@m64]
  link line: [ "/usr/bin/ld" -export-dynamic --hash-style=gnu --no-add-needed --build-id --eh-frame-hdr -m elf_x86_64 -dynamic-linker /lib64/ld-linux-x86-64.so.2 -o cmTC_80ed6 /usr/bin/../lib/gcc/x86_64-redhat-linux/6.3.1/../../../../lib64/crt1.o /usr/bin/../lib/gcc/x86_64-redhat-linux/6.3.1/../../../../lib64/crti.o /usr/bin/../lib/gcc/x86_64-redhat-linux/6.3.1/crtbegin.o -L/usr/bin/../lib/gcc/x86_64-redhat-linux/6.3.1 -L/usr/bin/../lib/gcc/x86_64-redhat-linux/6.3.1/../../../../lib64 -L/usr/bin/../lib64 -L/lib/../lib64 -L/usr/lib/../lib64 -L/usr/bin/../lib/gcc/x86_64-redhat-linux/6.3.1/../../.. -L/usr/bin/../lib -L/lib -L/usr/lib CMakeFiles/cmTC_80ed6.dir/CMakeCCompilerABI.c.o -lgcc --as-needed -lgcc_s --no-as-needed -lc -lgcc --as-needed -lgcc_s --no-as-needed /usr/bin/../lib/gcc/x86_64-redhat-linux/6.3.1/crtend.o /usr/bin/../lib/gcc/x86_64-redhat-linux/6.3.1/../../../../lib64/crtn.o]
    arg [/usr/bin/ld] ==> ignore
    arg [-export-dynamic] ==> ignore
    arg [--hash-style=gnu] ==> ignore
    arg [--no-add-needed] ==> ignore
    arg [--build-id] ==> ignore
    arg [--eh-frame-hdr] ==> ignore
    arg [-m] ==> ignore
    arg [elf_x86_64] ==> ignore
    arg [-dynamic-linker] ==> ignore
    arg [/lib64/ld-linux-x86-64.so.2] ==> ignore
    arg [-o] ==> ignore
    arg [cmTC_80ed6] ==> ignore
    arg [/usr/bin/../lib/gcc/x86_64-redhat-linux/6.3.1/../../../../lib64/crt1.o] ==> ignore
    arg [/usr/bin/../lib/gcc/x86_64-redhat-linux/6.3.1/../../../../lib64/crti.o] ==> ignore
    arg [/usr/bin/../lib/gcc/x86_64-redhat-linux/6.3.1/crtbegin.o] ==> ignore
    arg [-L/usr/bin/../lib/gcc/x86_64-redhat-linux/6.3.1] ==> dir [/usr/bin/../lib/gcc/x86_64-redhat-linux/6.3.1]
    arg [-L/usr/bin/../lib/gcc/x86_64-redhat-linux/6.3.1/../../../../lib64] ==> dir [/usr/bin/../lib/gcc/x86_64-redhat-linux/6.3.1/../../../../lib64]
    arg [-L/usr/bin/../lib64] ==> dir [/usr/bin/../lib64]
    arg [-L/lib/../lib64] ==> dir [/lib/../lib64]
    arg [-L/usr/lib/../lib64] ==> dir [/usr/lib/../lib64]
    arg [-L/usr/bin/../lib/gcc/x86_64-redhat-linux/6.3.1/../../..] ==> dir [/usr/bin/../lib/gcc/x86_64-redhat-linux/6.3.1/../../..]
    arg [-L/usr/bin/../lib] ==> dir [/usr/bin/../lib]
    arg [-L/lib] ==> dir [/lib]
    arg [-L/usr/lib] ==> dir [/usr/lib]
    arg [CMakeFiles/cmTC_80ed6.dir/CMakeCCompilerABI.c.o] ==> ignore
    arg [-lgcc] ==> lib [gcc]
    arg [--as-needed] ==> ignore
    arg [-lgcc_s] ==> lib [gcc_s]
    arg [--no-as-needed] ==> ignore
    arg [-lc] ==> lib [c]
    arg [-lgcc] ==> lib [gcc]
    arg [--as-needed] ==> ignore
    arg [-lgcc_s] ==> lib [gcc_s]
    arg [--no-as-needed] ==> ignore
    arg [/usr/bin/../lib/gcc/x86_64-redhat-linux/6.3.1/crtend.o] ==> ignore
    arg [/usr/bin/../lib/gcc/x86_64-redhat-linux/6.3.1/../../../../lib64/crtn.o] ==> ignore
  remove lib [gcc]
  remove lib [gcc_s]
  remove lib [gcc]
  remove lib [gcc_s]
  collapse library dir [/usr/bin/../lib/gcc/x86_64-redhat-linux/6.3.1] ==> [/usr/lib/gcc/x86_64-redhat-linux/6.3.1]
  collapse library dir [/usr/bin/../lib/gcc/x86_64-redhat-linux/6.3.1/../../../../lib64] ==> [/usr/lib64]
  collapse library dir [/usr/bin/../lib64] ==> [/usr/lib64]
  collapse library dir [/lib/../lib64] ==> [/lib64]
  collapse library dir [/usr/lib/../lib64] ==> [/usr/lib64]
  collapse library dir [/usr/bin/../lib/gcc/x86_64-redhat-linux/6.3.1/../../..] ==> [/usr/lib]
  collapse library dir [/usr/bin/../lib] ==> [/usr/lib]
  collapse library dir [/lib] ==> [/lib]
  collapse library dir [/usr/lib] ==> [/usr/lib]
  implicit libs: [c]
  implicit dirs: [/usr/lib/gcc/x86_64-redhat-linux/6.3.1;/usr/lib64;/lib64;/usr/lib;/lib]
  implicit fwks: []




Detecting C [-std=c11] compiler features compiled with the following output:
Change Dir: /home/user/Seafile/Seafile/nanovm/source/current-work/asmjit/build/CMakeFiles/CMakeTmp

Run Build Command:"/usr/bin/gmake" "cmTC_f9992/fast"
/usr/bin/gmake -f CMakeFiles/cmTC_f9992.dir/build.make CMakeFiles/cmTC_f9992.dir/build
gmake[1]: Entering directory '/home/user/Seafile/Seafile/nanovm/source/current-work/asmjit/build/CMakeFiles/CMakeTmp'
Building C object CMakeFiles/cmTC_f9992.dir/feature_tests.c.o
/usr/bin/clang    -std=c11 -o CMakeFiles/cmTC_f9992.dir/feature_tests.c.o   -c /home/user/Seafile/Seafile/nanovm/source/current-work/asmjit/build/CMakeFiles/feature_tests.c
Linking C executable cmTC_f9992
/usr/bin/cmake -E cmake_link_script CMakeFiles/cmTC_f9992.dir/link.txt --verbose=1
/usr/bin/clang       CMakeFiles/cmTC_f9992.dir/feature_tests.c.o  -o cmTC_f9992 -rdynamic 
gmake[1]: Leaving directory '/home/user/Seafile/Seafile/nanovm/source/current-work/asmjit/build/CMakeFiles/CMakeTmp'


    Feature record: C_FEATURE:1c_function_prototypes
    Feature record: C_FEATURE:1c_restrict
    Feature record: C_FEATURE:1c_static_assert
    Feature record: C_FEATURE:1c_variadic_macros


Detecting C [-std=c99] compiler features compiled with the following output:
Change Dir: /home/user/Seafile/Seafile/nanovm/source/current-work/asmjit/build/CMakeFiles/CMakeTmp

Run Build Command:"/usr/bin/gmake" "cmTC_a4ef7/fast"
/usr/bin/gmake -f CMakeFiles/cmTC_a4ef7.dir/build.make CMakeFiles/cmTC_a4ef7.dir/build
gmake[1]: Entering directory '/home/user/Seafile/Seafile/nanovm/source/current-work/asmjit/build/CMakeFiles/CMakeTmp'
Building C object CMakeFiles/cmTC_a4ef7.dir/feature_tests.c.o
/usr/bin/clang    -std=c99 -o CMakeFiles/cmTC_a4ef7.dir/feature_tests.c.o   -c /home/user/Seafile/Seafile/nanovm/source/current-work/asmjit/build/CMakeFiles/feature_tests.c
Linking C executable cmTC_a4ef7
/usr/bin/cmake -E cmake_link_script CMakeFiles/cmTC_a4ef7.dir/link.txt --verbose=1
/usr/bin/clang       CMakeFiles/cmTC_a4ef7.dir/feature_tests.c.o  -o cmTC_a4ef7 -rdynamic 
gmake[1]: Leaving directory '/home/user/Seafile/Seafile/nanovm/source/current-work/asmjit/build/CMakeFiles/CMakeTmp'


    Feature record: C_FEATURE:1c_function_prototypes
    Feature record: C_FEATURE:1c_restrict
    Feature record: C_FEATURE:0c_static_assert
    Feature record: C_FEATURE:1c_variadic_macros


Detecting C [-std=c90] compiler features compiled with the following output:
Change Dir: /home/user/Seafile/Seafile/nanovm/source/current-work/asmjit/build/CMakeFiles/CMakeTmp

Run Build Command:"/usr/bin/gmake" "cmTC_615ac/fast"
/usr/bin/gmake -f CMakeFiles/cmTC_615ac.dir/build.make CMakeFiles/cmTC_615ac.dir/build
gmake[1]: Entering directory '/home/user/Seafile/Seafile/nanovm/source/current-work/asmjit/build/CMakeFiles/CMakeTmp'
Building C object CMakeFiles/cmTC_615ac.dir/feature_tests.c.o
/usr/bin/clang    -std=c90 -o CMakeFiles/cmTC_615ac.dir/feature_tests.c.o   -c /home/user/Seafile/Seafile/nanovm/source/current-work/asmjit/build/CMakeFiles/feature_tests.c
Linking C executable cmTC_615ac
/usr/bin/cmake -E cmake_link_script CMakeFiles/cmTC_615ac.dir/link.txt --verbose=1
/usr/bin/clang       CMakeFiles/cmTC_615ac.dir/feature_tests.c.o  -o cmTC_615ac -rdynamic 
gmake[1]: Leaving directory '/home/user/Seafile/Seafile/nanovm/source/current-work/asmjit/build/CMakeFiles/CMakeTmp'


    Feature record: C_FEATURE:1c_function_prototypes
    Feature record: C_FEATURE:0c_restrict
    Feature record: C_FEATURE:0c_static_assert
    Feature record: C_FEATURE:0c_variadic_macros
Determining if the CXX compiler works passed with the following output:
Change Dir: /home/user/Seafile/Seafile/nanovm/source/current-work/asmjit/build/CMakeFiles/CMakeTmp

Run Build Command:"/usr/bin/gmake" "cmTC_5ca6a/fast"
/usr/bin/gmake -f CMakeFiles/cmTC_5ca6a.dir/build.make CMakeFiles/cmTC_5ca6a.dir/build
gmake[1]: Entering directory '/home/user/Seafile/Seafile/nanovm/source/current-work/asmjit/build/CMakeFiles/CMakeTmp'
Building CXX object CMakeFiles/cmTC_5ca6a.dir/testCXXCompiler.cxx.o
/usr/bin/clang++      -o CMakeFiles/cmTC_5ca6a.dir/testCXXCompiler.cxx.o -c /home/user/Seafile/Seafile/nanovm/source/current-work/asmjit/build/CMakeFiles/CMakeTmp/testCXXCompiler.cxx
Linking CXX executable cmTC_5ca6a
/usr/bin/cmake -E cmake_link_script CMakeFiles/cmTC_5ca6a.dir/link.txt --verbose=1
/usr/bin/clang++        CMakeFiles/cmTC_5ca6a.dir/testCXXCompiler.cxx.o  -o cmTC_5ca6a -rdynamic 
gmake[1]: Leaving directory '/home/user/Seafile/Seafile/nanovm/source/current-work/asmjit/build/CMakeFiles/CMakeTmp'


Detecting CXX compiler ABI info compiled with the following output:
Change Dir: /home/user/Seafile/Seafile/nanovm/source/current-work/asmjit/build/CMakeFiles/CMakeTmp

Run Build Command:"/usr/bin/gmake" "cmTC_42ecf/fast"
/usr/bin/gmake -f CMakeFiles/cmTC_42ecf.dir/build.make CMakeFiles/cmTC_42ecf.dir/build
gmake[1]: Entering directory '/home/user/Seafile/Seafile/nanovm/source/current-work/asmjit/build/CMakeFiles/CMakeTmp'
Building CXX object CMakeFiles/cmTC_42ecf.dir/CMakeCXXCompilerABI.cpp.o
/usr/bin/clang++      -o CMakeFiles/cmTC_42ecf.dir/CMakeCXXCompilerABI.cpp.o -c /usr/share/cmake/Modules/CMakeCXXCompilerABI.cpp
Linking CXX executable cmTC_42ecf
/usr/bin/cmake -E cmake_link_script CMakeFiles/cmTC_42ecf.dir/link.txt --verbose=1
/usr/bin/clang++       -v CMakeFiles/cmTC_42ecf.dir/CMakeCXXCompilerABI.cpp.o  -o cmTC_42ecf -rdynamic  
clang version 3.8.1 (tags/RELEASE_381/final)
Target: x86_64-unknown-linux-gnu
Thread model: posix
InstalledDir: /usr/bin
Found candidate GCC installation: /usr/bin/../lib/gcc/x86_64-redhat-linux/6.3.1
Found candidate GCC installation: /usr/lib/gcc/x86_64-redhat-linux/6.3.1
Selected GCC installation: /usr/bin/../lib/gcc/x86_64-redhat-linux/6.3.1
Candidate multilib: .;@m64
Candidate multilib: 32;@m32
Selected multilib: .;@m64
 "/usr/bin/ld" -export-dynamic --hash-style=gnu --no-add-needed --build-id --eh-frame-hdr -m elf_x86_64 -dynamic-linker /lib64/ld-linux-x86-64.so.2 -o cmTC_42ecf /usr/bin/../lib/gcc/x86_64-redhat-linux/6.3.1/../../../../lib64/crt1.o /usr/bin/../lib/gcc/x86_64-redhat-linux/6.3.1/../../../../lib64/crti.o /usr/bin/../lib/gcc/x86_64-redhat-linux/6.3.1/crtbegin.o -L/usr/bin/../lib/gcc/x86_64-redhat-linux/6.3.1 -L/usr/bin/../lib/gcc/x86_64-redhat-linux/6.3.1/../../../../lib64 -L/usr/bin/../lib64 -L/lib/../lib64 -L/usr/lib/../lib64 -L/usr/bin/../lib/gcc/x86_64-redhat-linux/6.3.1/../../.. -L/usr/bin/../lib -L/lib -L/usr/lib CMakeFiles/cmTC_42ecf.dir/CMakeCXXCompilerABI.cpp.o -lstdc++ -lm -lgcc_s -lgcc -lc -lgcc_s -lgcc /usr/bin/../lib/gcc/x86_64-redhat-linux/6.3.1/crtend.o /usr/bin/../lib/gcc/x86_64-redhat-linux/6.3.1/../../../../lib64/crtn.o
gmake[1]: Leaving directory '/home/user/Seafile/Seafile/nanovm/source/current-work/asmjit/build/CMakeFiles/CMakeTmp'


Parsed CXX implicit link information from above output:
  link line regex: [^( *|.*[/\])(ld|([^/\]+-)?ld|collect2)[^/\]*( |$)]
  ignore line: [Change Dir: /home/user/Seafile/Seafile/nanovm/source/current-work/asmjit/build/CMakeFiles/CMakeTmp]
  ignore line: []
  ignore line: [Run Build Command:"/usr/bin/gmake" "cmTC_42ecf/fast"]
  ignore line: [/usr/bin/gmake -f CMakeFiles/cmTC_42ecf.dir/build.make CMakeFiles/cmTC_42ecf.dir/build]
  ignore line: [gmake[1]: Entering directory '/home/user/Seafile/Seafile/nanovm/source/current-work/asmjit/build/CMakeFiles/CMakeTmp']
  ignore line: [Building CXX object CMakeFiles/cmTC_42ecf.dir/CMakeCXXCompilerABI.cpp.o]
  ignore line: [/usr/bin/clang++      -o CMakeFiles/cmTC_42ecf.dir/CMakeCXXCompilerABI.cpp.o -c /usr/share/cmake/Modules/CMakeCXXCompilerABI.cpp]
  ignore line: [Linking CXX executable cmTC_42ecf]
  ignore line: [/usr/bin/cmake -E cmake_link_script CMakeFiles/cmTC_42ecf.dir/link.txt --verbose=1]
  ignore line: [/usr/bin/clang++       -v CMakeFiles/cmTC_42ecf.dir/CMakeCXXCompilerABI.cpp.o  -o cmTC_42ecf -rdynamic  ]
  ignore line: [clang version 3.8.1 (tags/RELEASE_381/final)]
  ignore line: [Target: x86_64-unknown-linux-gnu]
  ignore line: [Thread model: posix]
  ignore line: [InstalledDir: /usr/bin]
  ignore line: [Found candidate GCC installation: /usr/bin/../lib/gcc/x86_64-redhat-linux/6.3.1]
  ignore line: [Found candidate GCC installation: /usr/lib/gcc/x86_64-redhat-linux/6.3.1]
  ignore line: [Selected GCC installation: /usr/bin/../lib/gcc/x86_64-redhat-linux/6.3.1]
  ignore line: [Candidate multilib: .]
  ignore line: [@m64]
  ignore line: [Candidate multilib: 32]
  ignore line: [@m32]
  ignore line: [Selected multilib: .]
  ignore line: [@m64]
  link line: [ "/usr/bin/ld" -export-dynamic --hash-style=gnu --no-add-needed --build-id --eh-frame-hdr -m elf_x86_64 -dynamic-linker /lib64/ld-linux-x86-64.so.2 -o cmTC_42ecf /usr/bin/../lib/gcc/x86_64-redhat-linux/6.3.1/../../../../lib64/crt1.o /usr/bin/../lib/gcc/x86_64-redhat-linux/6.3.1/../../../../lib64/crti.o /usr/bin/../lib/gcc/x86_64-redhat-linux/6.3.1/crtbegin.o -L/usr/bin/../lib/gcc/x86_64-redhat-linux/6.3.1 -L/usr/bin/../lib/gcc/x86_64-redhat-linux/6.3.1/../../../../lib64 -L/usr/bin/../lib64 -L/lib/../lib64 -L/usr/lib/../lib64 -L/usr/bin/../lib/gcc/x86_64-redhat-linux/6.3.1/../../.. -L/usr/bin/../lib -L/lib -L/usr/lib CMakeFiles/cmTC_42ecf.dir/CMakeCXXCompilerABI.cpp.o -lstdc++ -lm -lgcc_s -lgcc -lc -lgcc_s -lgcc /usr/bin/../lib/gcc/x86_64-redhat-linux/6.3.1/crtend.o /usr/bin/../lib/gcc/x86_64-redhat-linux/6.3.1/../../../../lib64/crtn.o]
    arg [/usr/bin/ld] ==> ignore
    arg [-export-dynamic] ==> ignore
    arg [--hash-style=gnu] ==> ignore
    arg [--no-add-needed] ==> ignore
    arg [--build-id] ==> ignore
    arg [--eh-frame-hdr] ==> ignore
    arg [-m] ==> ignore
    arg [elf_x86_64] ==> ignore
    arg [-dynamic-linker] ==> ignore
    arg [/lib64/ld-linux-x86-64.so.2] ==> ignore
    arg [-o] ==> ignore
    arg [cmTC_42ecf] ==> ignore
    arg [/usr/bin/../lib/gcc/x86_64-redhat-linux/6.3.1/../../../../lib64/crt1.o] ==> ignore
    arg [/usr/bin/../lib/gcc/x86_64-redhat-linux/6.3.1/../../../../lib64/crti.o] ==> ignore
    arg [/usr/bin/../lib/gcc/x86_64-redhat-linux/6.3.1/crtbegin.o] ==> ignore
    arg [-L/usr/bin/../lib/gcc/x86_64-redhat-linux/6.3.1] ==> dir [/usr/bin/../lib/gcc/x86_64-redhat-linux/6.3.1]
    arg [-L/usr/bin/../lib/gcc/x86_64-redhat-linux/6.3.1/../../../../lib64] ==> dir [/usr/bin/../lib/gcc/x86_64-redhat-linux/6.3.1/../../../../lib64]
    arg [-L/usr/bin/../lib64] ==> dir [/usr/bin/../lib64]
    arg [-L/lib/../lib64] ==> dir [/lib/../lib64]
    arg [-L/usr/lib/../lib64] ==> dir [/usr/lib/../lib64]
    arg [-L/usr/bin/../lib/gcc/x86_64-redhat-linux/6.3.1/../../..] ==> dir [/usr/bin/../lib/gcc/x86_64-redhat-linux/6.3.1/../../..]
    arg [-L/usr/bin/../lib] ==> dir [/usr/bin/../lib]
    arg [-L/lib] ==> dir [/lib]
    arg [-L/usr/lib] ==> dir [/usr/lib]
    arg [CMakeFiles/cmTC_42ecf.dir/CMakeCXXCompilerABI.cpp.o] ==> ignore
    arg [-lstdc++] ==> lib [stdc++]
    arg [-lm] ==> lib [m]
    arg [-lgcc_s] ==> lib [gcc_s]
    arg [-lgcc] ==> lib [gcc]
    arg [-lc] ==> lib [c]
    arg [-lgcc_s] ==> lib [gcc_s]
    arg [-lgcc] ==> lib [gcc]
    arg [/usr/bin/../lib/gcc/x86_64-redhat-linux/6.3.1/crtend.o] ==> ignore
    arg [/usr/bin/../lib/gcc/x86_64-redhat-linux/6.3.1/../../../../lib64/crtn.o] ==> ignore
  remove lib [gcc_s]
  remove lib [gcc]
  remove lib [gcc_s]
  remove lib [gcc]
  collapse library dir [/usr/bin/../lib/gcc/x86_64-redhat-linux/6.3.1] ==> [/usr/lib/gcc/x86_64-redhat-linux/6.3.1]
  collapse library dir [/usr/bin/../lib/gcc/x86_64-redhat-linux/6.3.1/../../../../lib64] ==> [/usr/lib64]
  collapse library dir [/usr/bin/../lib64] ==> [/usr/lib64]
  collapse library dir [/lib/../lib64] ==> [/lib64]
  collapse library dir [/usr/lib/../lib64] ==> [/usr/lib64]
  collapse library dir [/usr/bin/../lib/gcc/x86_64-redhat-linux/6.3.1/../../..] ==> [/usr/lib]
  collapse library dir [/usr/bin/../lib] ==> [/usr/lib]
  collapse library dir [/lib] ==> [/lib]
  collapse library dir [/usr/lib] ==> [/usr/lib]
  implicit libs: [stdc++;m;c]
  implicit dirs: [/usr/lib/gcc/x86_64-redhat-linux/6.3.1;/usr/lib64;/lib64;/usr/lib;/lib]
  implicit fwks: []




Detecting CXX [-std=c++14] compiler features compiled with the following output:
Change Dir: /home/user/Seafile/Seafile/nanovm/source/current-work/asmjit/build/CMakeFiles/CMakeTmp

Run Build Command:"/usr/bin/gmake" "cmTC_34584/fast"
/usr/bin/gmake -f CMakeFiles/cmTC_34584.dir/build.make CMakeFiles/cmTC_34584.dir/build
gmake[1]: Entering directory '/home/user/Seafile/Seafile/nanovm/source/current-work/asmjit/build/CMakeFiles/CMakeTmp'
Building CXX object CMakeFiles/cmTC_34584.dir/feature_tests.cxx.o
/usr/bin/clang++     -std=c++14 -o CMakeFiles/cmTC_34584.dir/feature_tests.cxx.o -c /home/user/Seafile/Seafile/nanovm/source/current-work/asmjit/build/CMakeFiles/feature_tests.cxx
Linking CXX executable cmTC_34584
/usr/bin/cmake -E cmake_link_script CMakeFiles/cmTC_34584.dir/link.txt --verbose=1
/usr/bin/clang++        CMakeFiles/cmTC_34584.dir/feature_tests.cxx.o  -o cmTC_34584 -rdynamic 
gmake[1]: Leaving directory '/home/user/Seafile/Seafile/nanovm/source/current-work/asmjit/build/CMakeFiles/CMakeTmp'


    Feature record: CXX_FEATURE:1cxx_aggregate_default_initializers
    Feature record: CXX_FEATURE:1cxx_alias_templates
    Feature record: CXX_FEATURE:1cxx_alignas
    Feature record: CXX_FEATURE:1cxx_alignof
    Feature record: CXX_FEATURE:1cxx_attributes
    Feature record: CXX_FEATURE:1cxx_attribute_deprecated
    Feature record: CXX_FEATURE:1cxx_auto_type
    Feature record: CXX_FEATURE:1cxx_binary_literals
    Feature record: CXX_FEATURE:1cxx_constexpr
    Feature record: CXX_FEATURE:1cxx_contextual_conversions
    Feature record: CXX_FEATURE:1cxx_decltype
    Feature record: CXX_FEATURE:1cxx_decltype_auto
    Feature record: CXX_FEATURE:1cxx_decltype_incomplete_return_types
    Feature record: CXX_FEATURE:1cxx_default_function_template_args
    Feature record: CXX_FEATURE:1cxx_defaulted_functions
    Feature record: CXX_FEATURE:1cxx_defaulted_move_initializers
    Feature record: CXX_FEATURE:1cxx_delegating_constructors
    Feature record: CXX_FEATURE:1cxx_deleted_functions
    Feature record: CXX_FEATURE:1cxx_digit_separators
    Feature record: CXX_FEATURE:1cxx_enum_forward_declarations
    Feature record: CXX_FEATURE:1cxx_explicit_conversions
    Feature record: CXX_FEATURE:1cxx_extended_friend_declarations
    Feature record: CXX_FEATURE:1cxx_extern_templates
    Feature record: CXX_FEATURE:1cxx_final
    Feature record: CXX_FEATURE:1cxx_func_identifier
    Feature record: CXX_FEATURE:1cxx_generalized_initializers
    Feature record: CXX_FEATURE:1cxx_generic_lambdas
    Feature record: CXX_FEATURE:1cxx_inheriting_constructors
    Feature record: CXX_FEATURE:1cxx_inline_namespaces
    Feature record: CXX_FEATURE:1cxx_lambdas
    Feature record: CXX_FEATURE:1cxx_lambda_init_captures
    Feature record: CXX_FEATURE:1cxx_local_type_template_args
    Feature record: CXX_FEATURE:1cxx_long_long_type
    Feature record: CXX_FEATURE:1cxx_noexcept
    Feature record: CXX_FEATURE:1cxx_nonstatic_member_init
    Feature record: CXX_FEATURE:1cxx_nullptr
    Feature record: CXX_FEATURE:1cxx_override
    Feature record: CXX_FEATURE:1cxx_range_for
    Feature record: CXX_FEATURE:1cxx_raw_string_literals
    Feature record: CXX_FEATURE:1cxx_reference_qualified_functions
    Feature record: CXX_FEATURE:1cxx_relaxed_constexpr
    Feature record: CXX_FEATURE:1cxx_return_type_deduction
    Feature record: CXX_FEATURE:1cxx_right_angle_brackets
    Feature record: CXX_FEATURE:1cxx_rvalue_references
    Feature record: CXX_FEATURE:1cxx_sizeof_member
    Feature record: CXX_FEATURE:1cxx_static_assert
    Feature record: CXX_FEATURE:1cxx_strong_enums
    Feature record: CXX_FEATURE:1cxx_template_template_parameters
    Feature record: CXX_FEATURE:1cxx_thread_local
    Feature record: CXX_FEATURE:1cxx_trailing_return_types
    Feature record: CXX_FEATURE:1cxx_unicode_literals
    Feature record: CXX_FEATURE:1cxx_uniform_initialization
    Feature record: CXX_FEATURE:1cxx_unrestricted_unions
    Feature record: CXX_FEATURE:1cxx_user_literals
    Feature record: CXX_FEATURE:1cxx_variable_templates
    Feature record: CXX_FEATURE:1cxx_variadic_macros
    Feature record: CXX_FEATURE:1cxx_variadic_templates


Detecting CXX [-std=c++11] compiler features compiled with the following output:
Change Dir: /home/user/Seafile/Seafile/nanovm/source/current-work/asmjit/build/CMakeFiles/CMakeTmp

Run Build Command:"/usr/bin/gmake" "cmTC_661d8/fast"
/usr/bin/gmake -f CMakeFiles/cmTC_661d8.dir/build.make CMakeFiles/cmTC_661d8.dir/build
gmake[1]: Entering directory '/home/user/Seafile/Seafile/nanovm/source/current-work/asmjit/build/CMakeFiles/CMakeTmp'
Building CXX object CMakeFiles/cmTC_661d8.dir/feature_tests.cxx.o
/usr/bin/clang++     -std=c++11 -o CMakeFiles/cmTC_661d8.dir/feature_tests.cxx.o -c /home/user/Seafile/Seafile/nanovm/source/current-work/asmjit/build/CMakeFiles/feature_tests.cxx
Linking CXX executable cmTC_661d8
/usr/bin/cmake -E cmake_link_script CMakeFiles/cmTC_661d8.dir/link.txt --verbose=1
/usr/bin/clang++        CMakeFiles/cmTC_661d8.dir/feature_tests.cxx.o  -o cmTC_661d8 -rdynamic 
gmake[1]: Leaving directory '/home/user/Seafile/Seafile/nanovm/source/current-work/asmjit/build/CMakeFiles/CMakeTmp'


    Feature record: CXX_FEATURE:0cxx_aggregate_default_initializers
    Feature record: CXX_FEATURE:1cxx_alias_templates
    Feature record: CXX_FEATURE:1cxx_alignas
    Feature record: CXX_FEATURE:1cxx_alignof
    Feature record: CXX_FEATURE:1cxx_attributes
    Feature record: CXX_FEATURE:0cxx_attribute_deprecated
    Feature record: CXX_FEATURE:1cxx_auto_type
    Feature record: CXX_FEATURE:0cxx_binary_literals
    Feature record: CXX_FEATURE:1cxx_constexpr
    Feature record: CXX_FEATURE:0cxx_contextual_conversions
    Feature record: CXX_FEATURE:1cxx_decltype
    Feature record: CXX_FEATURE:0cxx_decltype_auto
    Feature record: CXX_FEATURE:1cxx_decltype_incomplete_return_types
    Feature record: CXX_FEATURE:1cxx_default_function_template_args
    Feature record: CXX_FEATURE:1cxx_defaulted_functions
    Feature record: CXX_FEATURE:1cxx_defaulted_move_initializers
    Feature record: CXX_FEATURE:1cxx_delegating_constructors
    Feature record: CXX_FEATURE:1cxx_deleted_functions
    Feature record: CXX_FEATURE:0cxx_digit_separators
    Feature record: CXX_FEATURE:1cxx_enum_forward_declarations
    Feature record: CXX_FEATURE:1cxx_explicit_conversions
    Feature record: CXX_FEATURE:1cxx_extended_friend_declarations
    Feature record: CXX_FEATURE:1cxx_extern_templates
    Feature record: CXX_FEATURE:1cxx_final
    Feature record: CXX_FEATURE:1cxx_func_identifier
    Feature record: CXX_FEATURE:1cxx_generalized_initializers
    Feature record: CXX_FEATURE:0cxx_generic_lambdas
    Feature record: CXX_FEATURE:1cxx_inheriting_constructors
    Feature record: CXX_FEATURE:1cxx_inline_namespaces
    Feature record: CXX_FEATURE:1cxx_lambdas
    Feature record: CXX_FEATURE:0cxx_lambda_init_captures
    Feature record: CXX_FEATURE:1cxx_local_type_template_args
    Feature record: CXX_FEATURE:1cxx_long_long_type
    Feature record: CXX_FEATURE:1cxx_noexcept
    Feature record: CXX_FEATURE:1cxx_nonstatic_member_init
    Feature record: CXX_FEATURE:1cxx_nullptr
    Feature record: CXX_FEATURE:1cxx_override
    Feature record: CXX_FEATURE:1cxx_range_for
    Feature record: CXX_FEATURE:1cxx_raw_string_literals
    Feature record: CXX_FEATURE:1cxx_reference_qualified_functions
    Feature record: CXX_FEATURE:0cxx_relaxed_constexpr
    Feature record: CXX_FEATURE:0cxx_return_type_deduction
    Feature record: CXX_FEATURE:1cxx_right_angle_brackets
    Feature record: CXX_FEATURE:1cxx_rvalue_references
    Feature record: CXX_FEATURE:1cxx_sizeof_member
    Feature record: CXX_FEATURE:1cxx_static_assert
    Feature record: CXX_FEATURE:1cxx_strong_enums
    Feature record: CXX_FEATURE:1cxx_template_template_parameters
    Feature record: CXX_FEATURE:1cxx_thread_local
    Feature record: CXX_FEATURE:1cxx_trailing_return_types
    Feature record: CXX_FEATURE:1cxx_unicode_literals
    Feature record: CXX_FEATURE:1cxx_uniform_initialization
    Feature record: CXX_FEATURE:1cxx_unrestricted_unions
    Feature record: CXX_FEATURE:1cxx_user_literals
    Feature record: CXX_FEATURE:0cxx_variable_templates
    Feature record: CXX_FEATURE:1cxx_variadic_macros
    Feature record: CXX_FEATURE:1cxx_variadic_templates


Detecting CXX [-std=c++98] compiler features compiled with the following output:
Change Dir: /home/user/Seafile/Seafile/nanovm/source/current-work/asmjit/build/CMakeFiles/CMakeTmp

Run Build Command:"/usr/bin/gmake" "cmTC_af763/fast"
/usr/bin/gmake -f CMakeFiles/cmTC_af763.dir/build.make CMakeFiles/cmTC_af763.dir/build
gmake[1]: Entering directory '/home/user/Seafile/Seafile/nanovm/source/current-work/asmjit/build/CMakeFiles/CMakeTmp'
Building CXX object CMakeFiles/cmTC_af763.dir/feature_tests.cxx.o
/usr/bin/clang++     -std=c++98 -o CMakeFiles/cmTC_af763.dir/feature_tests.cxx.o -c /home/user/Seafile/Seafile/nanovm/source/current-work/asmjit/build/CMakeFiles/feature_tests.cxx
Linking CXX executable cmTC_af763
/usr/bin/cmake -E cmake_link_script CMakeFiles/cmTC_af763.dir/link.txt --verbose=1
/usr/bin/clang++        CMakeFiles/cmTC_af763.dir/feature_tests.cxx.o  -o cmTC_af763 -rdynamic 
gmake[1]: Leaving directory '/home/user/Seafile/Seafile/nanovm/source/current-work/asmjit/build/CMakeFiles/CMakeTmp'


    Feature record: CXX_FEATURE:0cxx_aggregate_default_initializers
    Feature record: CXX_FEATURE:0cxx_alias_templates
    Feature record: CXX_FEATURE:0cxx_alignas
    Feature record: CXX_FEATURE:0cxx_alignof
    Feature record: CXX_FEATURE:0cxx_attributes
    Feature record: CXX_FEATURE:0cxx_attribute_deprecated
    Feature record: CXX_FEATURE:0cxx_auto_type
    Feature record: CXX_FEATURE:0cxx_binary_literals
    Feature record: CXX_FEATURE:0cxx_constexpr
    Feature record: CXX_FEATURE:0cxx_contextual_conversions
    Feature record: CXX_FEATURE:0cxx_decltype
    Feature record: CXX_FEATURE:0cxx_decltype_auto
    Feature record: CXX_FEATURE:0cxx_decltype_incomplete_return_types
    Feature record: CXX_FEATURE:0cxx_default_function_template_args
    Feature record: CXX_FEATURE:0cxx_defaulted_functions
    Feature record: CXX_FEATURE:0cxx_defaulted_move_initializers
    Feature record: CXX_FEATURE:0cxx_delegating_constructors
    Feature record: CXX_FEATURE:0cxx_deleted_functions
    Feature record: CXX_FEATURE:0cxx_digit_separators
    Feature record: CXX_FEATURE:0cxx_enum_forward_declarations
    Feature record: CXX_FEATURE:0cxx_explicit_conversions
    Feature record: CXX_FEATURE:0cxx_extended_friend_declarations
    Feature record: CXX_FEATURE:0cxx_extern_templates
    Feature record: CXX_FEATURE:0cxx_final
    Feature record: CXX_FEATURE:0cxx_func_identifier
    Feature record: CXX_FEATURE:0cxx_generalized_initializers
    Feature record: CXX_FEATURE:0cxx_generic_lambdas
    Feature record: CXX_FEATURE:0cxx_inheriting_constructors
    Feature record: CXX_FEATURE:0cxx_inline_namespaces
    Feature record: CXX_FEATURE:0cxx_lambdas
    Feature record: CXX_FEATURE:0cxx_lambda_init_captures
    Feature record: CXX_FEATURE:0cxx_local_type_template_args
    Feature record: CXX_FEATURE:0cxx_long_long_type
    Feature record: CXX_FEATURE:0cxx_noexcept
    Feature record: CXX_FEATURE:0cxx_nonstatic_member_init
    Feature record: CXX_FEATURE:0cxx_nullptr
    Feature record: CXX_FEATURE:0cxx_override
    Feature record: CXX_FEATURE:0cxx_range_for
    Feature record: CXX_FEATURE:0cxx_raw_string_literals
    Feature record: CXX_FEATURE:0cxx_reference_qualified_functions
    Feature record: CXX_FEATURE:0cxx_relaxed_constexpr
    Feature record: CXX_FEATURE:0cxx_return_type_deduction
    Feature record: CXX_FEATURE:0cxx_right_angle_brackets
    Feature record: CXX_FEATURE:0cxx_rvalue_references
    Feature record: CXX_FEATURE:0cxx_sizeof_member
    Feature record: CXX_FEATURE:0cxx_static_assert
    Feature record: CXX_FEATURE:0cxx_strong_enums
    Feature record: CXX_FEATURE:1cxx_template_template_parameters
    Feature record: CXX_FEATURE:0cxx_thread_local
    Feature record: CXX_FEATURE:0cxx_trailing_return_types
    Feature record: CXX_FEATURE:0cxx_unicode_literals
    Feature record: CXX_FEATURE:0cxx_uniform_initialization
    Feature record: CXX_FEATURE:0cxx_unrestricted_unions
    Feature record: CXX_FEATURE:0cxx_user_literals
    Feature record: CXX_FEATURE:0cxx_variable_templates
    Feature record: CXX_FEATURE:0cxx_variadic_macros
    Feature record: CXX_FEATURE:0cxx_variadic_templates
Performing C++ SOURCE FILE Test __CxxFlag__msse succeeded with the following output:
Change Dir: /home/user/Seafile/Seafile/nanovm/source/current-work/asmjit/build/CMakeFiles/CMakeTmp

Run Build Command:"/usr/bin/gmake" "cmTC_3eec9/fast"
/usr/bin/gmake -f CMakeFiles/cmTC_3eec9.dir/build.make CMakeFiles/cmTC_3eec9.dir/build
gmake[1]: Entering directory '/home/user/Seafile/Seafile/nanovm/source/current-work/asmjit/build/CMakeFiles/CMakeTmp'
Building CXX object CMakeFiles/cmTC_3eec9.dir/src.cxx.o
/usr/bin/clang++     -D__CxxFlag__msse   -msse -o CMakeFiles/cmTC_3eec9.dir/src.cxx.o -c /home/user/Seafile/Seafile/nanovm/source/current-work/asmjit/build/CMakeFiles/CMakeTmp/src.cxx
Linking CXX executable cmTC_3eec9
/usr/bin/cmake -E cmake_link_script CMakeFiles/cmTC_3eec9.dir/link.txt --verbose=1
/usr/bin/clang++    -D__CxxFlag__msse    CMakeFiles/cmTC_3eec9.dir/src.cxx.o  -o cmTC_3eec9 -rdynamic 
gmake[1]: Leaving directory '/home/user/Seafile/Seafile/nanovm/source/current-work/asmjit/build/CMakeFiles/CMakeTmp'

Source file was:
int main() { return 0; }
Performing C++ SOURCE FILE Test __CxxFlag__msse2 succeeded with the following output:
Change Dir: /home/user/Seafile/Seafile/nanovm/source/current-work/asmjit/build/CMakeFiles/CMakeTmp

Run Build Command:"/usr/bin/gmake" "cmTC_b750f/fast"
/usr/bin/gmake -f CMakeFiles/cmTC_b750f.dir/build.make CMakeFiles/cmTC_b750f.dir/build
gmake[1]: Entering directory '/home/user/Seafile/Seafile/nanovm/source/current-work/asmjit/build/CMakeFiles/CMakeTmp'
Building CXX object CMakeFiles/cmTC_b750f.dir/src.cxx.o
/usr/bin/clang++     -D__CxxFlag__msse2   -msse2 -o CMakeFiles/cmTC_b750f.dir/src.cxx.o -c /home/user/Seafile/Seafile/nanovm/source/current-work/asmjit/build/CMakeFiles/CMakeTmp/src.cxx
Linking CXX executable cmTC_b750f
/usr/bin/cmake -E cmake_link_script CMakeFiles/cmTC_b750f.dir/link.txt --verbose=1
/usr/bin/clang++    -D__CxxFlag__msse2    CMakeFiles/cmTC_b750f.dir/src.cxx.o  -o cmTC_b750f -rdynamic 
gmake[1]: Leaving directory '/home/user/Seafile/Seafile/nanovm/source/current-work/asmjit/build/CMakeFiles/CMakeTmp'

Source file was:
int main() { return 0; }
Performing C++ SOURCE FILE Test __CxxFlag__msse3 succeeded with the following output:
Change Dir: /home/user/Seafile/Seafile/nanovm/source/current-work/asmjit/build/CMakeFiles/CMakeTmp

Run Build Command:"/usr/bin/gmake" "cmTC_523b4/fast"
/usr/bin/gmake -f CMakeFiles/cmTC_523b4.dir/build.make CMakeFiles/cmTC_523b4.dir/build
gmake[1]: Entering directory '/home/user/Seafile/Seafile/nanovm/source/current-work/asmjit/build/CMakeFiles/CMakeTmp'
Building CXX object CMakeFiles/cmTC_523b4.dir/src.cxx.o
/usr/bin/clang++     -D__CxxFlag__msse3   -msse3 -o CMakeFiles/cmTC_523b4.dir/src.cxx.o -c /home/user/Seafile/Seafile/nanovm/source/current-work/asmjit/build/CMakeFiles/CMakeTmp/src.cxx
Linking CXX executable cmTC_523b4
/usr/bin/cmake -E cmake_link_script CMakeFiles/cmTC_523b4.dir/link.txt --verbose=1
/usr/bin/clang++    -D__CxxFlag__msse3    CMakeFiles/cmTC_523b4.dir/src.cxx.o  -o cmTC_523b4 -rdynamic 
gmake[1]: Leaving directory '/home/user/Seafile/Seafile/nanovm/source/current-work/asmjit/build/CMakeFiles/CMakeTmp'

Source file was:
int main() { return 0; }
Performing C++ SOURCE FILE Test __CxxFlag__mssse3 succeeded with the following output:
Change Dir: /home/user/Seafile/Seafile/nanovm/source/current-work/asmjit/build/CMakeFiles/CMakeTmp

Run Build Command:"/usr/bin/gmake" "cmTC_a65a3/fast"
/usr/bin/gmake -f CMakeFiles/cmTC_a65a3.dir/build.make CMakeFiles/cmTC_a65a3.dir/build
gmake[1]: Entering directory '/home/user/Seafile/Seafile/nanovm/source/current-work/asmjit/build/CMakeFiles/CMakeTmp'
Building CXX object CMakeFiles/cmTC_a65a3.dir/src.cxx.o
/usr/bin/clang++     -D__CxxFlag__mssse3   -mssse3 -o CMakeFiles/cmTC_a65a3.dir/src.cxx.o -c /home/user/Seafile/Seafile/nanovm/source/current-work/asmjit/build/CMakeFiles/CMakeTmp/src.cxx
Linking CXX executable cmTC_a65a3
/usr/bin/cmake -E cmake_link_script CMakeFiles/cmTC_a65a3.dir/link.txt --verbose=1
/usr/bin/clang++    -D__CxxFlag__mssse3    CMakeFiles/cmTC_a65a3.dir/src.cxx.o  -o cmTC_a65a3 -rdynamic 
gmake[1]: Leaving directory '/home/user/Seafile/Seafile/nanovm/source/current-work/asmjit/build/CMakeFiles/CMakeTmp'

Source file was:
int main() { return 0; }
Performing C++ SOURCE FILE Test __CxxFlag__msse4_1 succeeded with the following output:
Change Dir: /home/user/Seafile/Seafile/nanovm/source/current-work/asmjit/build/CMakeFiles/CMakeTmp

Run Build Command:"/usr/bin/gmake" "cmTC_a1085/fast"
/usr/bin/gmake -f CMakeFiles/cmTC_a1085.dir/build.make CMakeFiles/cmTC_a1085.dir/build
gmake[1]: Entering directory '/home/user/Seafile/Seafile/nanovm/source/current-work/asmjit/build/CMakeFiles/CMakeTmp'
Building CXX object CMakeFiles/cmTC_a1085.dir/src.cxx.o
/usr/bin/clang++     -D__CxxFlag__msse4_1   -msse4.1 -o CMakeFiles/cmTC_a1085.dir/src.cxx.o -c /home/user/Seafile/Seafile/nanovm/source/current-work/asmjit/build/CMakeFiles/CMakeTmp/src.cxx
Linking CXX executable cmTC_a1085
/usr/bin/cmake -E cmake_link_script CMakeFiles/cmTC_a1085.dir/link.txt --verbose=1
/usr/bin/clang++    -D__CxxFlag__msse4_1    CMakeFiles/cmTC_a1085.dir/src.cxx.o  -o cmTC_a1085 -rdynamic 
gmake[1]: Leaving directory '/home/user/Seafile/Seafile/nanovm/source/current-work/asmjit/build/CMakeFiles/CMakeTmp'

Source file was:
int main() { return 0; }
Performing C++ SOURCE FILE Test __CxxFlag__msse4_2 succeeded with the following output:
Change Dir: /home/user/Seafile/Seafile/nanovm/source/current-work/asmjit/build/CMakeFiles/CMakeTmp

Run Build Command:"/usr/bin/gmake" "cmTC_9ba01/fast"
/usr/bin/gmake -f CMakeFiles/cmTC_9ba01.dir/build.make CMakeFiles/cmTC_9ba01.dir/build
gmake[1]: Entering directory '/home/user/Seafile/Seafile/nanovm/source/current-work/asmjit/build/CMakeFiles/CMakeTmp'
Building CXX object CMakeFiles/cmTC_9ba01.dir/src.cxx.o
/usr/bin/clang++     -D__CxxFlag__msse4_2   -msse4.2 -o CMakeFiles/cmTC_9ba01.dir/src.cxx.o -c /home/user/Seafile/Seafile/nanovm/source/current-work/asmjit/build/CMakeFiles/CMakeTmp/src.cxx
Linking CXX executable cmTC_9ba01
/usr/bin/cmake -E cmake_link_script CMakeFiles/cmTC_9ba01.dir/link.txt --verbose=1
/usr/bin/clang++    -D__CxxFlag__msse4_2    CMakeFiles/cmTC_9ba01.dir/src.cxx.o  -o cmTC_9ba01 -rdynamic 
gmake[1]: Leaving directory '/home/user/Seafile/Seafile/nanovm/source/current-work/asmjit/build/CMakeFiles/CMakeTmp'

Source file was:
int main() { return 0; }
Performing C++ SOURCE FILE Test __CxxFlag__mavx succeeded with the following output:
Change Dir: /home/user/Seafile/Seafile/nanovm/source/current-work/asmjit/build/CMakeFiles/CMakeTmp

Run Build Command:"/usr/bin/gmake" "cmTC_abeaa/fast"
/usr/bin/gmake -f CMakeFiles/cmTC_abeaa.dir/build.make CMakeFiles/cmTC_abeaa.dir/build
gmake[1]: Entering directory '/home/user/Seafile/Seafile/nanovm/source/current-work/asmjit/build/CMakeFiles/CMakeTmp'
Building CXX object CMakeFiles/cmTC_abeaa.dir/src.cxx.o
/usr/bin/clang++     -D__CxxFlag__mavx   -mavx -o CMakeFiles/cmTC_abeaa.dir/src.cxx.o -c /home/user/Seafile/Seafile/nanovm/source/current-work/asmjit/build/CMakeFiles/CMakeTmp/src.cxx
Linking CXX executable cmTC_abeaa
/usr/bin/cmake -E cmake_link_script CMakeFiles/cmTC_abeaa.dir/link.txt --verbose=1
/usr/bin/clang++    -D__CxxFlag__mavx    CMakeFiles/cmTC_abeaa.dir/src.cxx.o  -o cmTC_abeaa -rdynamic 
gmake[1]: Leaving directory '/home/user/Seafile/Seafile/nanovm/source/current-work/asmjit/build/CMakeFiles/CMakeTmp'

Source file was:
int main() { return 0; }
Performing C++ SOURCE FILE Test __CxxFlag__mavx2 succeeded with the following output:
Change Dir: /home/user/Seafile/Seafile/nanovm/source/current-work/asmjit/build/CMakeFiles/CMakeTmp

Run Build Command:"/usr/bin/gmake" "cmTC_75699/fast"
/usr/bin/gmake -f CMakeFiles/cmTC_75699.dir/build.make CMakeFiles/cmTC_75699.dir/build
gmake[1]: Entering directory '/home/user/Seafile/Seafile/nanovm/source/current-work/asmjit/build/CMakeFiles/CMakeTmp'
Building CXX object CMakeFiles/cmTC_75699.dir/src.cxx.o
/usr/bin/clang++     -D__CxxFlag__mavx2   -mavx2 -o CMakeFiles/cmTC_75699.dir/src.cxx.o -c /home/user/Seafile/Seafile/nanovm/source/current-work/asmjit/build/CMakeFiles/CMakeTmp/src.cxx
Linking CXX executable cmTC_75699
/usr/bin/cmake -E cmake_link_script CMakeFiles/cmTC_75699.dir/link.txt --verbose=1
/usr/bin/clang++    -D__CxxFlag__mavx2    CMakeFiles/cmTC_75699.dir/src.cxx.o  -o cmTC_75699 -rdynamic 
gmake[1]: Leaving directory '/home/user/Seafile/Seafile/nanovm/source/current-work/asmjit/build/CMakeFiles/CMakeTmp'

Source file was:
int main() { return 0; }
Performing C++ SOURCE FILE Test __CxxFlag__std_c++14 succeeded with the following output:
Change Dir: /home/user/Seafile/Seafile/nanovm/source/current-work/asmjit/build/CMakeFiles/CMakeTmp

Run Build Command:"/usr/bin/gmake" "cmTC_98f71/fast"
/usr/bin/gmake -f CMakeFiles/cmTC_98f71.dir/build.make CMakeFiles/cmTC_98f71.dir/build
gmake[1]: Entering directory '/home/user/Seafile/Seafile/nanovm/source/current-work/asmjit/build/CMakeFiles/CMakeTmp'
Building CXX object CMakeFiles/cmTC_98f71.dir/src.cxx.o
/usr/bin/clang++     -D__CxxFlag__std_c++14   -std=c++14 -o CMakeFiles/cmTC_98f71.dir/src.cxx.o -c /home/user/Seafile/Seafile/nanovm/source/current-work/asmjit/build/CMakeFiles/CMakeTmp/src.cxx
In file included from <built-in>:351:
<command line>:1:25: warning: ISO C99 requires whitespace after the macro name [-Wc99-extensions]
#define __CxxFlag__std_c++14 1
                        ^
1 warning generated.
Linking CXX executable cmTC_98f71
/usr/bin/cmake -E cmake_link_script CMakeFiles/cmTC_98f71.dir/link.txt --verbose=1
/usr/bin/clang++    -D__CxxFlag__std_c++14    CMakeFiles/cmTC_98f71.dir/src.cxx.o  -o cmTC_98f71 -rdynamic 
gmake[1]: Leaving directory '/home/user/Seafile/Seafile/nanovm/source/current-work/asmjit/build/CMakeFiles/CMakeTmp'

Source file was:
int main() { return 0; }
Performing C++ SOURCE FILE Test __CxxFlag__std_c++11 succeeded with the following output:
Change Dir: /home/user/Seafile/Seafile/nanovm/source/current-work/asmjit/build/CMakeFiles/CMakeTmp

Run Build Command:"/usr/bin/gmake" "cmTC_1062f/fast"
/usr/bin/gmake -f CMakeFiles/cmTC_1062f.dir/build.make CMakeFiles/cmTC_1062f.dir/build
gmake[1]: Entering directory '/home/user/Seafile/Seafile/nanovm/source/current-work/asmjit/build/CMakeFiles/CMakeTmp'
Building CXX object CMakeFiles/cmTC_1062f.dir/src.cxx.o
/usr/bin/clang++     -D__CxxFlag__std_c++11   -std=c++11 -o CMakeFiles/cmTC_1062f.dir/src.cxx.o -c /home/user/Seafile/Seafile/nanovm/source/current-work/asmjit/build/CMakeFiles/CMakeTmp/src.cxx
In file included from <built-in>:343:
<command line>:1:25: warning: ISO C99 requires whitespace after the macro name [-Wc99-extensions]
#define __CxxFlag__std_c++11 1
                        ^
1 warning generated.
Linking CXX executable cmTC_1062f
/usr/bin/cmake -E cmake_link_script CMakeFiles/cmTC_1062f.dir/link.txt --verbose=1
/usr/bin/clang++    -D__CxxFlag__std_c++11    CMakeFiles/cmTC_1062f.dir/src.cxx.o  -o cmTC_1062f -rdynamic 
gmake[1]: Leaving directory '/home/user/Seafile/Seafile/nanovm/source/current-work/asmjit/build/CMakeFiles/CMakeTmp'

Source file was:
int main() { return 0; }
Performing C++ SOURCE FILE Test __CxxFlag__std_c++0x succeeded with the following output:
Change Dir: /home/user/Seafile/Seafile/nanovm/source/current-work/asmjit/build/CMakeFiles/CMakeTmp

Run Build Command:"/usr/bin/gmake" "cmTC_12884/fast"
/usr/bin/gmake -f CMakeFiles/cmTC_12884.dir/build.make CMakeFiles/cmTC_12884.dir/build
gmake[1]: Entering directory '/home/user/Seafile/Seafile/nanovm/source/current-work/asmjit/build/CMakeFiles/CMakeTmp'
Building CXX object CMakeFiles/cmTC_12884.dir/src.cxx.o
/usr/bin/clang++     -D__CxxFlag__std_c++0x   -std=c++0x -o CMakeFiles/cmTC_12884.dir/src.cxx.o -c /home/user/Seafile/Seafile/nanovm/source/current-work/asmjit/build/CMakeFiles/CMakeTmp/src.cxx
In file included from <built-in>:343:
<command line>:1:25: warning: ISO C99 requires whitespace after the macro name [-Wc99-extensions]
#define __CxxFlag__std_c++0x 1
                        ^
1 warning generated.
Linking CXX executable cmTC_12884
/usr/bin/cmake -E cmake_link_script CMakeFiles/cmTC_12884.dir/link.txt --verbose=1
/usr/bin/clang++    -D__CxxFlag__std_c++0x    CMakeFiles/cmTC_12884.dir/src.cxx.o  -o cmTC_12884 -rdynamic 
gmake[1]: Leaving directory '/home/user/Seafile/Seafile/nanovm/source/current-work/asmjit/build/CMakeFiles/CMakeTmp'

Source file was:
int main() { return 0; }
Performing C++ SOURCE FILE Test __CxxFlag__fno_tree_vectorize succeeded with the following output:
Change Dir: /home/user/Seafile/Seafile/nanovm/source/current-work/asmjit/build/CMakeFiles/CMakeTmp

Run Build Command:"/usr/bin/gmake" "cmTC_1ee8f/fast"
/usr/bin/gmake -f CMakeFiles/cmTC_1ee8f.dir/build.make CMakeFiles/cmTC_1ee8f.dir/build
gmake[1]: Entering directory '/home/user/Seafile/Seafile/nanovm/source/current-work/asmjit/build/CMakeFiles/CMakeTmp'
Building CXX object CMakeFiles/cmTC_1ee8f.dir/src.cxx.o
/usr/bin/clang++     -D__CxxFlag__fno_tree_vectorize   -fno-tree-vectorize -o CMakeFiles/cmTC_1ee8f.dir/src.cxx.o -c /home/user/Seafile/Seafile/nanovm/source/current-work/asmjit/build/CMakeFiles/CMakeTmp/src.cxx
Linking CXX executable cmTC_1ee8f
/usr/bin/cmake -E cmake_link_script CMakeFiles/cmTC_1ee8f.dir/link.txt --verbose=1
/usr/bin/clang++    -D__CxxFlag__fno_tree_vectorize    CMakeFiles/cmTC_1ee8f.dir/src.cxx.o  -o cmTC_1ee8f -rdynamic 
gmake[1]: Leaving directory '/home/user/Seafile/Seafile/nanovm/source/current-work/asmjit/build/CMakeFiles/CMakeTmp'

Source file was:
int main() { return 0; }
Performing C++ SOURCE FILE Test __CxxFlag__fvisibility_hidden succeeded with the following output:
Change Dir: /home/user/Seafile/Seafile/nanovm/source/current-work/asmjit/build/CMakeFiles/CMakeTmp

Run Build Command:"/usr/bin/gmake" "cmTC_4cfd4/fast"
/usr/bin/gmake -f CMakeFiles/cmTC_4cfd4.dir/build.make CMakeFiles/cmTC_4cfd4.dir/build
gmake[1]: Entering directory '/home/user/Seafile/Seafile/nanovm/source/current-work/asmjit/build/CMakeFiles/CMakeTmp'
Building CXX object CMakeFiles/cmTC_4cfd4.dir/src.cxx.o
/usr/bin/clang++     -D__CxxFlag__fvisibility_hidden   -fvisibility=hidden -o CMakeFiles/cmTC_4cfd4.dir/src.cxx.o -c /home/user/Seafile/Seafile/nanovm/source/current-work/asmjit/build/CMakeFiles/CMakeTmp/src.cxx
Linking CXX executable cmTC_4cfd4
/usr/bin/cmake -E cmake_link_script CMakeFiles/cmTC_4cfd4.dir/link.txt --verbose=1
/usr/bin/clang++    -D__CxxFlag__fvisibility_hidden    CMakeFiles/cmTC_4cfd4.dir/src.cxx.o  -o cmTC_4cfd4 -rdynamic 
gmake[1]: Leaving directory '/home/user/Seafile/Seafile/nanovm/source/current-work/asmjit/build/CMakeFiles/CMakeTmp'

Source file was:
int main() { return 0; }
Performing C++ SOURCE FILE Test __CxxFlag__Winconsistent_missing_override succeeded with the following output:
Change Dir: /home/user/Seafile/Seafile/nanovm/source/current-work/asmjit/build/CMakeFiles/CMakeTmp

Run Build Command:"/usr/bin/gmake" "cmTC_4d6b0/fast"
/usr/bin/gmake -f CMakeFiles/cmTC_4d6b0.dir/build.make CMakeFiles/cmTC_4d6b0.dir/build
gmake[1]: Entering directory '/home/user/Seafile/Seafile/nanovm/source/current-work/asmjit/build/CMakeFiles/CMakeTmp'
Building CXX object CMakeFiles/cmTC_4d6b0.dir/src.cxx.o
/usr/bin/clang++     -D__CxxFlag__Winconsistent_missing_override   -Winconsistent-missing-override -o CMakeFiles/cmTC_4d6b0.dir/src.cxx.o -c /home/user/Seafile/Seafile/nanovm/source/current-work/asmjit/build/CMakeFiles/CMakeTmp/src.cxx
Linking CXX executable cmTC_4d6b0
/usr/bin/cmake -E cmake_link_script CMakeFiles/cmTC_4d6b0.dir/link.txt --verbose=1
/usr/bin/clang++    -D__CxxFlag__Winconsistent_missing_override    CMakeFiles/cmTC_4d6b0.dir/src.cxx.o  -o cmTC_4d6b0 -rdynamic 
gmake[1]: Leaving directory '/home/user/Seafile/Seafile/nanovm/source/current-work/asmjit/build/CMakeFiles/CMakeTmp'

Source file was:
int main() { return 0; }
Performing C++ SOURCE FILE Test __CxxFlag__O2 succeeded with the following output:
Change Dir: /home/user/Seafile/Seafile/nanovm/source/current-work/asmjit/build/CMakeFiles/CMakeTmp

Run Build Command:"/usr/bin/gmake" "cmTC_fde51/fast"
/usr/bin/gmake -f CMakeFiles/cmTC_fde51.dir/build.make CMakeFiles/cmTC_fde51.dir/build
gmake[1]: Entering directory '/home/user/Seafile/Seafile/nanovm/source/current-work/asmjit/build/CMakeFiles/CMakeTmp'
Building CXX object CMakeFiles/cmTC_fde51.dir/src.cxx.o
/usr/bin/clang++     -D__CxxFlag__O2   -O2 -o CMakeFiles/cmTC_fde51.dir/src.cxx.o -c /home/user/Seafile/Seafile/nanovm/source/current-work/asmjit/build/CMakeFiles/CMakeTmp/src.cxx
Linking CXX executable cmTC_fde51
/usr/bin/cmake -E cmake_link_script CMakeFiles/cmTC_fde51.dir/link.txt --verbose=1
/usr/bin/clang++    -D__CxxFlag__O2    CMakeFiles/cmTC_fde51.dir/src.cxx.o  -o cmTC_fde51 -rdynamic 
gmake[1]: Leaving directory '/home/user/Seafile/Seafile/nanovm/source/current-work/asmjit/build/CMakeFiles/CMakeTmp'

Source file was:
int main() { return 0; }
Performing C++ SOURCE FILE Test __CxxFlag__fmerge_all_constants succeeded with the following output:
Change Dir: /home/user/Seafile/Seafile/nanovm/source/current-work/asmjit/build/CMakeFiles/CMakeTmp

Run Build Command:"/usr/bin/gmake" "cmTC_b0c5c/fast"
/usr/bin/gmake -f CMakeFiles/cmTC_b0c5c.dir/build.make CMakeFiles/cmTC_b0c5c.dir/build
gmake[1]: Entering directory '/home/user/Seafile/Seafile/nanovm/source/current-work/asmjit/build/CMakeFiles/CMakeTmp'
Building CXX object CMakeFiles/cmTC_b0c5c.dir/src.cxx.o
/usr/bin/clang++     -D__CxxFlag__fmerge_all_constants   -fmerge-all-constants -o CMakeFiles/cmTC_b0c5c.dir/src.cxx.o -c /home/user/Seafile/Seafile/nanovm/source/current-work/asmjit/build/CMakeFiles/CMakeTmp/src.cxx
Linking CXX executable cmTC_b0c5c
/usr/bin/cmake -E cmake_link_script CMakeFiles/cmTC_b0c5c.dir/link.txt --verbose=1
/usr/bin/clang++    -D__CxxFlag__fmerge_all_constants    CMakeFiles/cmTC_b0c5c.dir/src.cxx.o  -o cmTC_b0c5c -rdynamic 
gmake[1]: Leaving directory '/home/user/Seafile/Seafile/nanovm/source/current-work/asmjit/build/CMakeFiles/CMakeTmp'

Source file was:
int main() { return 0; }
